# JRE version: Java(TM) SE Runtime Environment 18.9 (11.0.17+10) (build 11.0.17+10-LTS-269)
# Java VM: Java HotSpot(TM) 64-Bit Server VM 18.9 (11.0.17+10-LTS-269, mixed mode, tiered, compressed oops, g1 gc, windows-amd64)
Heap:
 garbage-first heap   total 262144K, used 39047K [0x0000000701000000, 0x0000000800000000)
  region size 1024K, 29 young (29696K), 14 survivors (14336K)
 Metaspace       used 61100K, capacity 62805K, committed 63024K, reserved 1103872K
  class space    used 8050K, capacity 8748K, committed 8832K, reserved 1048576K
GC Heap History (10 events):
Event: 2.942 GC heap before
{Heap before GC invocations=3 (full 0):
 garbage-first heap   total 262144K, used 57371K [0x0000000701000000, 0x0000000800000000)
  region size 1024K, 53 young (54272K), 6 survivors (6144K)
 Metaspace       used 27149K, capacity 28128K, committed 28336K, reserved 1075200K
  class space    used 3168K, capacity 3565K, committed 3584K, reserved 1048576K
}
Event: 2.949 GC heap after
{Heap after GC invocations=4 (full 0):
 garbage-first heap   total 262144K, used 11860K [0x0000000701000000, 0x0000000800000000)
  region size 1024K, 5 young (5120K), 5 survivors (5120K)
 Metaspace       used 27149K, capacity 28128K, committed 28336K, reserved 1075200K
  class space    used 3168K, capacity 3565K, committed 3584K, reserved 1048576K
}
Event: 4.259 GC heap before
{Heap before GC invocations=4 (full 0):
 garbage-first heap   total 262144K, used 82516K [0x0000000701000000, 0x0000000800000000)
  region size 1024K, 74 young (75776K), 5 survivors (5120K)
 Metaspace       used 32828K, capacity 33903K, committed 33968K, reserved 1079296K
  class space    used 3885K, capacity 4310K, committed 4352K, reserved 1048576K
}
Event: 4.266 GC heap after
{Heap after GC invocations=5 (full 0):
 garbage-first heap   total 262144K, used 14221K [0x0000000701000000, 0x0000000800000000)
  region size 1024K, 7 young (7168K), 7 survivors (7168K)
 Metaspace       used 32828K, capacity 33903K, committed 33968K, reserved 1079296K
  class space    used 3885K, capacity 4310K, committed 4352K, reserved 1048576K
}
Event: 4.757 GC heap before
{Heap before GC invocations=5 (full 0):
 garbage-first heap   total 262144K, used 39821K [0x0000000701000000, 0x0000000800000000)
  region size 1024K, 33 young (33792K), 7 survivors (7168K)
 Metaspace       used 34683K, capacity 35796K, committed 35888K, reserved 1081344K
  class space    used 4155K, capacity 4669K, committed 4736K, reserved 1048576K
}
Event: 4.766 GC heap after
{Heap after GC invocations=6 (full 0):
 garbage-first heap   total 262144K, used 15666K [0x0000000701000000, 0x0000000800000000)
  region size 1024K, 9 young (9216K), 9 survivors (9216K)
 Metaspace       used 34683K, capacity 35796K, committed 35888K, reserved 1081344K
  class space    used 4155K, capacity 4669K, committed 4736K, reserved 1048576K
}
Event: 7.721 GC heap before
{Heap before GC invocations=7 (full 0):
 garbage-first heap   total 262144K, used 142642K [0x0000000701000000, 0x0000000800000000)
  region size 1024K, 134 young (137216K), 9 survivors (9216K)
 Metaspace       used 51532K, capacity 52857K, committed 53040K, reserved 1095680K
  class space    used 6663K, capacity 7220K, committed 7296K, reserved 1048576K
}
Event: 7.733 GC heap after
{Heap after GC invocations=8 (full 0):
 garbage-first heap   total 262144K, used 21315K [0x0000000701000000, 0x0000000800000000)
  region size 1024K, 14 young (14336K), 14 survivors (14336K)
 Metaspace       used 51532K, capacity 52857K, committed 53040K, reserved 1095680K
  class space    used 6663K, capacity 7220K, committed 7296K, reserved 1048576K
}
Event: 10.228 GC heap before
{Heap before GC invocations=8 (full 0):
 garbage-first heap   total 262144K, used 148291K [0x0000000701000000, 0x0000000800000000)
  region size 1024K, 139 young (142336K), 14 survivors (14336K)
 Metaspace       used 58536K, capacity 60132K, committed 60208K, reserved 1101824K
  class space    used 7619K, capacity 8300K, committed 8320K, reserved 1048576K
}
Event: 10.247 GC heap after
{Heap after GC invocations=9 (full 0):
 garbage-first heap   total 262144K, used 24711K [0x0000000701000000, 0x0000000800000000)
  region size 1024K, 14 young (14336K), 14 survivors (14336K)
 Metaspace       used 58536K, capacity 60132K, committed 60208K, reserved 1101824K
  class space    used 7619K, capacity 8300K, committed 8320K, reserved 1048576K
}

